Active-HDL 9.1.2354.4209  2013-01-08 15:49:20

Elaboration top modules:
Architecture                  struct(Controller)


--------------------------------------------------------------------------------------------
Entity     | Architecture | Library | Info | Compiler Version         | Compilation Options
--------------------------------------------------------------------------------------------
Controller | struct       | mips    |      | 9.1.2354.4209  (Windows) | -O3
--------------------------------------------------------------------------------------------

--------------------------------------------------------------------------------------------
VHDL Package              | Library | Info | Compiler Version         | Compilation Options
--------------------------------------------------------------------------------------------
standard                  | std     |      |                          | <unavailable>
TEXTIO                    | std     |      | 9.1.2354.4209  (Windows) |  -2008
std_logic_1164            | ieee    |      | 9.1.2354.4209  (Windows) |  -2008
--------------------------------------------------------------------------------------------

--------------------------------------------------------------------------------------------
Library                   | Comment
--------------------------------------------------------------------------------------------
ieee                      | Standard IEEE packages library
mips                      | None
std                       | Standard VHDL library
--------------------------------------------------------------------------------------------
